<?xml version="1.0" encoding="UTF-8"?>
<testng-results ignored="0" total="4" passed="4" failed="0" skipped="0">
  <reporter-output>
  </reporter-output>
  <suite started-at="2022-02-27T11:32:12 IST" name="Default suite" finished-at="2022-02-27T11:32:12 IST" duration-ms="60">
    <groups>
    </groups>
    <test started-at="2022-02-27T11:32:12 IST" name="Default test" finished-at="2022-02-27T11:32:12 IST" duration-ms="60">
      <class name="TestNGTesting.TestScripts">
        <test-method signature="div()[pri:0, instance:TestNGTesting.TestScripts@6cd28fa7]" started-at="2022-02-27T11:32:12 IST" name="div" finished-at="2022-02-27T11:32:12 IST" duration-ms="15" status="PASS">
          <reporter-output>
          </reporter-output>
        </test-method> <!-- div -->
        <test-method signature="multi()[pri:0, instance:TestNGTesting.TestScripts@6cd28fa7]" started-at="2022-02-27T11:32:12 IST" name="multi" finished-at="2022-02-27T11:32:12 IST" duration-ms="1" status="PASS">
          <reporter-output>
          </reporter-output>
        </test-method> <!-- multi -->
        <test-method signature="sub()[pri:0, instance:TestNGTesting.TestScripts@6cd28fa7]" started-at="2022-02-27T11:32:12 IST" name="sub" finished-at="2022-02-27T11:32:12 IST" duration-ms="1" status="PASS">
          <reporter-output>
          </reporter-output>
        </test-method> <!-- sub -->
        <test-method signature="sum()[pri:0, instance:TestNGTesting.TestScripts@6cd28fa7]" started-at="2022-02-27T11:32:12 IST" name="sum" finished-at="2022-02-27T11:32:12 IST" duration-ms="1" status="PASS">
          <reporter-output>
          </reporter-output>
        </test-method> <!-- sum -->
      </class> <!-- TestNGTesting.TestScripts -->
    </test> <!-- Default test -->
  </suite> <!-- Default suite -->
</testng-results>
