<?xml version="1.0" encoding="UTF-8"?>
<!-- Generated by org.testng.reporters.JUnitXMLReporter -->
<testsuite ignored="0" hostname="LAPTOP-O531O370" failures="0" tests="4" name="Default test" time="0.06" errors="0" timestamp="2022-02-27T11:32:12 IST">
  <testcase classname="TestNGTesting.TestScripts" name="div" time="0.015"/>
  <testcase classname="TestNGTesting.TestScripts" name="multi" time="0.001"/>
  <testcase classname="TestNGTesting.TestScripts" name="sub" time="0.001"/>
  <testcase classname="TestNGTesting.TestScripts" name="sum" time="0.001"/>
</testsuite> <!-- Default test -->
